<?xml version='1.0' encoding='UTF-8'?>
<testsuite hostname="Matthews-MacBook-Air.local" name="StubServerTest" tests="4" errors="0" failures="0" skipped="0" time="11.187" timestamp="2023-04-15T10:37:03">
          <properties>
[...]
</properties>
          <testcase classname="StubServerTest" name="All systems" time="3.13">
                      
                    </testcase><testcase classname="StubServerTest" name="No systems" time="3.02">
                      
                    </testcase><testcase classname="StubServerTest" name="All requests exceed time out" time="2.018">
                      
                    </testcase><testcase classname="StubServerTest" name="ya exceeds time out" time="3.019">
                      
                    </testcase>
          <system-out><![CDATA[]]></system-out>
          <system-err><![CDATA[]]></system-err>
        </testsuite>